==29826== Memcheck, a memory error detector
==29826== Copyright (C) 2002-2017, and GNU GPL'd, by Julian Seward et al.
==29826== Using Valgrind-3.16.1-36d6727e1d-20200622X and LibVEX; rerun with -h for copyright info
==29826== Command: ./tradutor.out
==29826== Parent PID: 24383
==29826== 
--29826-- 
--29826-- Valgrind options:
--29826--    -v
--29826--    --tool=memcheck
--29826--    --leak-check=full
--29826--    --show-leak-kinds=all
--29826--    --track-origins=yes
--29826--    --log-file=logfile.out
--29826-- Contents of /proc/version:
--29826--   Linux version 5.4.0-42-generic (buildd@lgw01-amd64-023) (gcc version 7.5.0 (Ubuntu 7.5.0-3ubuntu1~18.04)) #46~18.04.1-Ubuntu SMP Fri Jul 10 07:21:24 UTC 2020
--29826-- 
--29826-- Arch and hwcaps: AMD64, LittleEndian, amd64-cx16-lzcnt-rdtscp-sse3-ssse3-avx-avx2-bmi-f16c-rdrand
--29826-- Page sizes: currently 4096, max supported 4096
--29826-- Valgrind library directory: /snap/valgrind/72/usr/lib/valgrind
--29826-- Reading syms from /home/corezzi/UnBomba/Tradutores/Trab/tradutores/2.lexico/tradutor.out
--29826-- Reading syms from /lib/x86_64-linux-gnu/ld-2.27.so
--29826--   Considering /lib/x86_64-linux-gnu/ld-2.27.so ..
--29826--   .. CRC mismatch (computed ac9397f6 wanted d0d82632)
--29826--   Considering /usr/lib/debug/lib/x86_64-linux-gnu/ld-2.27.so ..
--29826--   .. CRC is valid
--29826-- Reading syms from /snap/valgrind/72/usr/lib/valgrind/memcheck-amd64-linux
--29826--    object doesn't have a dynamic symbol table
--29826-- Warning: inlined fn name without absori
--29826-- is shown as UnknownInlinedFun
--29826-- Scheduler: using generic scheduler lock implementation.
--29826-- Reading suppressions file: /snap/valgrind/72/usr/lib/valgrind/default.supp
==29826== embedded gdbserver: reading from /tmp/vgdb-pipe-from-vgdb-to-29826-by-corezzi-on-???
==29826== embedded gdbserver: writing to   /tmp/vgdb-pipe-to-vgdb-from-29826-by-corezzi-on-???
==29826== embedded gdbserver: shared mem   /tmp/vgdb-pipe-shared-mem-vgdb-29826-by-corezzi-on-???
==29826== 
==29826== TO CONTROL THIS PROCESS USING vgdb (which you probably
==29826== don't want to do, unless you know exactly what you're doing,
==29826== or are doing some strange experiment):
==29826==   /snap/valgrind/72/usr/lib/valgrind/../../bin/vgdb --pid=29826 ...command...
==29826== 
==29826== TO DEBUG THIS PROCESS USING GDB: start GDB like this
==29826==   /path/to/gdb ./tradutor.out
==29826== and then give GDB the following command
==29826==   target remote | /snap/valgrind/72/usr/lib/valgrind/../../bin/vgdb --pid=29826
==29826== --pid is optional if only one valgrind process is running
==29826== 
--29826-- REDIR: 0x401f320 (ld-linux-x86-64.so.2:strlen) redirected to 0x581e37ce (vgPlain_amd64_linux_REDIR_FOR_strlen)
--29826-- REDIR: 0x401f100 (ld-linux-x86-64.so.2:index) redirected to 0x581e37e8 (vgPlain_amd64_linux_REDIR_FOR_index)
--29826-- Reading syms from /snap/valgrind/72/usr/lib/valgrind/vgpreload_core-amd64-linux.so
--29826-- Reading syms from /snap/valgrind/72/usr/lib/valgrind/vgpreload_memcheck-amd64-linux.so
==29826== WARNING: new redirection conflicts with existing -- ignoring it
--29826--     old: 0x0401f320 (strlen              ) R-> (0000.0) 0x581e37ce vgPlain_amd64_linux_REDIR_FOR_strlen
--29826--     new: 0x0401f320 (strlen              ) R-> (2007.0) 0x04c33350 strlen
--29826-- REDIR: 0x401d390 (ld-linux-x86-64.so.2:strcmp) redirected to 0x4c34480 (strcmp)
--29826-- REDIR: 0x401f860 (ld-linux-x86-64.so.2:mempcpy) redirected to 0x4c38290 (mempcpy)
--29826-- Reading syms from /lib/x86_64-linux-gnu/libc-2.27.so
--29826--   Considering /lib/x86_64-linux-gnu/libc-2.27.so ..
--29826--   .. CRC mismatch (computed c2c067b2 wanted d73adc7f)
--29826--   Considering /usr/lib/debug/lib/x86_64-linux-gnu/libc-2.27.so ..
--29826--   .. CRC is valid
--29826-- REDIR: 0x4edbce0 (libc.so.6:memmove) redirected to 0x4a2a6de (_vgnU_ifunc_wrapper)
--29826-- REDIR: 0x4edadb0 (libc.so.6:strncpy) redirected to 0x4a2a6de (_vgnU_ifunc_wrapper)
--29826-- REDIR: 0x4edbfc0 (libc.so.6:strcasecmp) redirected to 0x4a2a6de (_vgnU_ifunc_wrapper)
--29826-- REDIR: 0x4eda800 (libc.so.6:strcat) redirected to 0x4a2a6de (_vgnU_ifunc_wrapper)
--29826-- REDIR: 0x4edade0 (libc.so.6:rindex) redirected to 0x4a2a6de (_vgnU_ifunc_wrapper)
--29826-- REDIR: 0x4edd830 (libc.so.6:rawmemchr) redirected to 0x4a2a6de (_vgnU_ifunc_wrapper)
--29826-- REDIR: 0x4efa480 (libc.so.6:wmemchr) redirected to 0x4a2a6de (_vgnU_ifunc_wrapper)
--29826-- REDIR: 0x4edbe50 (libc.so.6:mempcpy) redirected to 0x4a2a6de (_vgnU_ifunc_wrapper)
--29826-- REDIR: 0x4edbc80 (libc.so.6:bcmp) redirected to 0x4a2a6de (_vgnU_ifunc_wrapper)
--29826-- REDIR: 0x4edad70 (libc.so.6:strncmp) redirected to 0x4a2a6de (_vgnU_ifunc_wrapper)
--29826-- REDIR: 0x4eda870 (libc.so.6:strcmp) redirected to 0x4a2a6de (_vgnU_ifunc_wrapper)
--29826-- REDIR: 0x4edbdb0 (libc.so.6:memset) redirected to 0x4a2a6de (_vgnU_ifunc_wrapper)
--29826-- REDIR: 0x4ef9160 (libc.so.6:wcschr) redirected to 0x4a2a6de (_vgnU_ifunc_wrapper)
--29826-- REDIR: 0x4edad10 (libc.so.6:strnlen) redirected to 0x4a2a6de (_vgnU_ifunc_wrapper)
--29826-- REDIR: 0x4eda8e0 (libc.so.6:strcspn) redirected to 0x4a2a6de (_vgnU_ifunc_wrapper)
--29826-- REDIR: 0x4edc010 (libc.so.6:strncasecmp) redirected to 0x4a2a6de (_vgnU_ifunc_wrapper)
--29826-- REDIR: 0x4eda8b0 (libc.so.6:strcpy) redirected to 0x4a2a6de (_vgnU_ifunc_wrapper)
--29826-- REDIR: 0x4edc150 (libc.so.6:memcpy@@GLIBC_2.14) redirected to 0x4a2a6de (_vgnU_ifunc_wrapper)
--29826-- REDIR: 0x4efb730 (libc.so.6:wcsnlen) redirected to 0x4a2a6de (_vgnU_ifunc_wrapper)
--29826-- REDIR: 0x4edae10 (libc.so.6:strpbrk) redirected to 0x4a2a6de (_vgnU_ifunc_wrapper)
--29826-- REDIR: 0x4eda830 (libc.so.6:index) redirected to 0x4a2a6de (_vgnU_ifunc_wrapper)
--29826-- REDIR: 0x4edace0 (libc.so.6:strlen) redirected to 0x4a2a6de (_vgnU_ifunc_wrapper)
--29826-- REDIR: 0x4ee5730 (libc.so.6:memrchr) redirected to 0x4a2a6de (_vgnU_ifunc_wrapper)
--29826-- REDIR: 0x4edc060 (libc.so.6:strcasecmp_l) redirected to 0x4a2a6de (_vgnU_ifunc_wrapper)
--29826-- REDIR: 0x4edbc50 (libc.so.6:memchr) redirected to 0x4a2a6de (_vgnU_ifunc_wrapper)
--29826-- REDIR: 0x4ef9f20 (libc.so.6:wcslen) redirected to 0x4a2a6de (_vgnU_ifunc_wrapper)
--29826-- REDIR: 0x4edb0c0 (libc.so.6:strspn) redirected to 0x4a2a6de (_vgnU_ifunc_wrapper)
--29826-- REDIR: 0x4edbf90 (libc.so.6:stpncpy) redirected to 0x4a2a6de (_vgnU_ifunc_wrapper)
--29826-- REDIR: 0x4edbf60 (libc.so.6:stpcpy) redirected to 0x4a2a6de (_vgnU_ifunc_wrapper)
--29826-- REDIR: 0x4edd860 (libc.so.6:strchrnul) redirected to 0x4a2a6de (_vgnU_ifunc_wrapper)
--29826-- REDIR: 0x4edc0b0 (libc.so.6:strncasecmp_l) redirected to 0x4a2a6de (_vgnU_ifunc_wrapper)
--29826-- REDIR: 0x4fcb630 (libc.so.6:__strrchr_avx2) redirected to 0x4c32cd0 (rindex)
--29826-- REDIR: 0x4fcb800 (libc.so.6:__strlen_avx2) redirected to 0x4c33290 (strlen)
--29826-- REDIR: 0x4ed40e0 (libc.so.6:malloc) redirected to 0x4c2fe5d (malloc)
--29826-- REDIR: 0x4fcc1c0 (libc.so.6:__memset_avx2_unaligned_erms) redirected to 0x4c37160 (memset)
--29826-- REDIR: 0x4fb8bc0 (libc.so.6:__strcpy_ssse3) redirected to 0x4c33370 (strcpy)
--29826-- REDIR: 0x4fcb440 (libc.so.6:__strchrnul_avx2) redirected to 0x4c37dc0 (strchrnul)
--29826-- REDIR: 0x4fcbd20 (libc.so.6:__mempcpy_avx_unaligned_erms) redirected to 0x4c37ed0 (mempcpy)
--29826-- REDIR: 0x4ed49c0 (libc.so.6:free) redirected to 0x4c3100a (free)
==29826== 
==29826== HEAP SUMMARY:
==29826==     in use at exit: 0 bytes in 0 blocks
==29826==   total heap usage: 19 allocs, 19 frees, 21,616 bytes allocated
==29826== 
==29826== All heap blocks were freed -- no leaks are possible
==29826== 
==29826== ERROR SUMMARY: 0 errors from 0 contexts (suppressed: 0 from 0)
